AndroidStudio2DGame/app/build/intermediates/manifest_merge_blame_file/debug/manifest-merger-blame-debug-report.txt
1<?xml version="1.0" encoding="utf-8"?>
2<manifest xmlns:android="http://schemas.android.com/apk/res/android"
3    package="com.example.androidstudio2dgamedevelopment"
4    android:versionCode="1"
5    android:versionName="1.0" >
6
7    <uses-sdk
8        android:minSdkVersion="22"
8-->src\main\AndroidManifest.xml
9        android:targetSdkVersion="28" />
9-->src\main\AndroidManifest.xml
10
11    <application
11-->src\main\AndroidManifest.xml:5:5-36:19
12        android:allowBackup="true"
12-->src\main\AndroidManifest.xml:6:9-35
13        android:appComponentFactory="android.support.v4.app.CoreComponentFactory"
13-->[com.android.support:support-compat:28.0.0] AndroidManifest.xml:22:18-91
14        android:debuggable="true"
15        android:icon="@mipmap/ic_launcher"
15-->src\main\AndroidManifest.xml:7:9-43
16        android:label="@string/app_name"
16-->src\main\AndroidManifest.xml:8:9-41
17        android:roundIcon="@mipmap/ic_launcher_round"
17-->src\main\AndroidManifest.xml:9:9-54
18        android:supportsRtl="true"
18-->src\main\AndroidManifest.xml:10:9-35
19        android:theme="@style/AppTheme" >
19-->src\main\AndroidManifest.xml:11:9-40
20        <activity
20-->src\main\AndroidManifest.xml:12:9-20:20
21            android:name="com.example.androidstudio2dgamedevelopment.MainActivity"
21-->src\main\AndroidManifest.xml:13:13-41
22            android:exported="true"
22-->src\main\AndroidManifest.xml:15:13-36
23            android:screenOrientation="portrait" >
23-->src\main\AndroidManifest.xml:14:13-49
24            <intent-filter>
24-->src\main\AndroidManifest.xml:16:13-19:29
25                <action android:name="android.intent.action.MAIN" />
25-->src\main\AndroidManifest.xml:17:17-69
25-->src\main\AndroidManifest.xml:17:25-66
26
27                <category android:name="android.intent.category.LAUNCHER" />
27-->src\main\AndroidManifest.xml:18:17-77
27-->src\main\AndroidManifest.xml:18:27-74
28            </intent-filter>
29        </activity>
30        <activity
30-->src\main\AndroidManifest.xml:21:9-29:20
31            android:name="com.example.androidstudio2dgamedevelopment.MainMenu"
31-->src\main\AndroidManifest.xml:22:13-37
32            android:exported="true"
32-->src\main\AndroidManifest.xml:24:13-36
33            android:screenOrientation="portrait" >
33-->src\main\AndroidManifest.xml:23:13-49
34            <intent-filter>
34-->src\main\AndroidManifest.xml:25:13-28:29
35                <category android:name="android.intent.category.LAUNCHER" />
35-->src\main\AndroidManifest.xml:18:17-77
35-->src\main\AndroidManifest.xml:18:27-74
36            </intent-filter>
37        </activity>
38        <activity
38-->src\main\AndroidManifest.xml:30:9-35:20
39            android:name="com.example.androidstudio2dgamedevelopment.Campaign"
39-->src\main\AndroidManifest.xml:30:19-43
40            android:screenOrientation="landscape" >
40-->src\main\AndroidManifest.xml:31:13-50
41            <intent-filter>
41-->src\main\AndroidManifest.xml:25:13-28:29
42                <category android:name="android.intent.category.LAUNCHER" />
42-->src\main\AndroidManifest.xml:18:17-77
42-->src\main\AndroidManifest.xml:18:27-74
43            </intent-filter>
44        </activity>
45    </application>
46
47</manifest>